
> dnd-manager@0.1.0 start
> next start

   ▲ Next.js 16.0.7
   - Local:         http://localhost:3000
   - Network:       http://169.254.83.107:3000

 ✓ Starting...
[baseline-browser-mapping] The data in this module is over two months old.  To ensure accurate Baseline data, please update: `npm i baseline-browser-mapping@latest -D`
 ⚠ Warning: Next.js inferred your workspace root, but it may not be correct.
 We detected multiple lockfiles and selected the directory of G:\DungeonsAndDragons\package-lock.json as the root directory.
 To silence this warning, set `outputFileTracingRoot` in your Next.js config, or consider removing one of the lockfiles if it's not needed.
   See https://nextjs.org/docs/app/api-reference/config/next-config-js/output#caveats for more information.
 Detected additional lockfiles: 
   * G:\DungeonsAndDragons\dnd-manager\package-lock.json

 ✓ Ready in 1665ms
assistant.loadCampaignContext campaign warn: column campaigns.description does not exist
assistant.loadCampaignContext notes warn: Could not find the table 'public.notes' in the schema cache

> dnd-manager@0.1.0 start
> next start

   ▲ Next.js 16.0.7
   - Local:         http://localhost:3000
   - Network:       http://169.254.83.107:3000

 ✓ Starting...
[baseline-browser-mapping] The data in this module is over two months old.  To ensure accurate Baseline data, please update: `npm i baseline-browser-mapping@latest -D`
 ⚠ Warning: Next.js inferred your workspace root, but it may not be correct.
 We detected multiple lockfiles and selected the directory of G:\DungeonsAndDragons\package-lock.json as the root directory.
 To silence this warning, set `outputFileTracingRoot` in your Next.js config, or consider removing one of the lockfiles if it's not needed.
   See https://nextjs.org/docs/app/api-reference/config/next-config-js/output#caveats for more information.
 Detected additional lockfiles: 
   * G:\DungeonsAndDragons\dnd-manager\package-lock.json

 ✓ Ready in 875ms
assistant.loadCampaignContext campaign warn: column campaigns.description does not exist
assistant.loadCampaignContext notes warn: Could not find the table 'public.notes' in the schema cache

> dnd-manager@0.1.0 start
> next start

   ▲ Next.js 16.0.7
   - Local:         http://localhost:3000
   - Network:       http://169.254.83.107:3000

 ✓ Starting...
[baseline-browser-mapping] The data in this module is over two months old.  To ensure accurate Baseline data, please update: `npm i baseline-browser-mapping@latest -D`
 ⚠ Warning: Next.js inferred your workspace root, but it may not be correct.
 We detected multiple lockfiles and selected the directory of G:\DungeonsAndDragons\package-lock.json as the root directory.
 To silence this warning, set `outputFileTracingRoot` in your Next.js config, or consider removing one of the lockfiles if it's not needed.
   See https://nextjs.org/docs/app/api-reference/config/next-config-js/output#caveats for more information.
 Detected additional lockfiles: 
   * G:\DungeonsAndDragons\dnd-manager\package-lock.json

 ✓ Ready in 640ms
assistant.loadCampaignContext campaign warn: column campaigns.description does not exist
assistant.loadCampaignContext notes warn: Could not find the table 'public.notes' in the schema cache

> dnd-manager@0.1.0 start
> next start

   ▲ Next.js 16.0.7
   - Local:         http://localhost:3000
   - Network:       http://169.254.83.107:3000

 ✓ Starting...
[baseline-browser-mapping] The data in this module is over two months old.  To ensure accurate Baseline data, please update: `npm i baseline-browser-mapping@latest -D`
 ⚠ Warning: Next.js inferred your workspace root, but it may not be correct.
 We detected multiple lockfiles and selected the directory of G:\DungeonsAndDragons\package-lock.json as the root directory.
 To silence this warning, set `outputFileTracingRoot` in your Next.js config, or consider removing one of the lockfiles if it's not needed.
   See https://nextjs.org/docs/app/api-reference/config/next-config-js/output#caveats for more information.
 Detected additional lockfiles: 
   * G:\DungeonsAndDragons\dnd-manager\package-lock.json

 ✓ Ready in 678ms
assistant.loadCampaignContext campaign warn: column campaigns.description does not exist
assistant.loadCampaignContext notes warn: Could not find the table 'public.notes' in the schema cache

> dnd-manager@0.1.0 start
> next start

   ▲ Next.js 16.0.7
   - Local:         http://localhost:3000
   - Network:       http://169.254.83.107:3000

 ✓ Starting...
[baseline-browser-mapping] The data in this module is over two months old.  To ensure accurate Baseline data, please update: `npm i baseline-browser-mapping@latest -D`
 ⚠ Warning: Next.js inferred your workspace root, but it may not be correct.
 We detected multiple lockfiles and selected the directory of G:\DungeonsAndDragons\package-lock.json as the root directory.
 To silence this warning, set `outputFileTracingRoot` in your Next.js config, or consider removing one of the lockfiles if it's not needed.
   See https://nextjs.org/docs/app/api-reference/config/next-config-js/output#caveats for more information.
 Detected additional lockfiles: 
   * G:\DungeonsAndDragons\dnd-manager\package-lock.json

 ✓ Ready in 545ms
assistant.loadCampaignContext campaign warn: column campaigns.description does not exist
assistant.loadCampaignContext notes warn: Could not find the table 'public.notes' in the schema cache
assistant.loadCampaignContext campaign warn: column campaigns.description does not exist
assistant.loadCampaignContext notes warn: Could not find the table 'public.notes' in the schema cache
assistant.loadCampaignContext campaign warn: column campaigns.description does not exist
assistant.loadCampaignContext notes warn: Could not find the table 'public.notes' in the schema cache

> dnd-manager@0.1.0 start
> next start

   ▲ Next.js 16.0.7
   - Local:         http://localhost:3000
   - Network:       http://169.254.83.107:3000

 ✓ Starting...
[baseline-browser-mapping] The data in this module is over two months old.  To ensure accurate Baseline data, please update: `npm i baseline-browser-mapping@latest -D`
 ⚠ Warning: Next.js inferred your workspace root, but it may not be correct.
 We detected multiple lockfiles and selected the directory of G:\DungeonsAndDragons\package-lock.json as the root directory.
 To silence this warning, set `outputFileTracingRoot` in your Next.js config, or consider removing one of the lockfiles if it's not needed.
   See https://nextjs.org/docs/app/api-reference/config/next-config-js/output#caveats for more information.
 Detected additional lockfiles: 
   * G:\DungeonsAndDragons\dnd-manager\package-lock.json

 ✓ Ready in 546ms

> dnd-manager@0.1.0 start
> next start

   ▲ Next.js 16.0.7
   - Local:         http://localhost:3000
   - Network:       http://169.254.83.107:3000

 ✓ Starting...
[baseline-browser-mapping] The data in this module is over two months old.  To ensure accurate Baseline data, please update: `npm i baseline-browser-mapping@latest -D`
 ⚠ Warning: Next.js inferred your workspace root, but it may not be correct.
 We detected multiple lockfiles and selected the directory of G:\DungeonsAndDragons\package-lock.json as the root directory.
 To silence this warning, set `outputFileTracingRoot` in your Next.js config, or consider removing one of the lockfiles if it's not needed.
   See https://nextjs.org/docs/app/api-reference/config/next-config-js/output#caveats for more information.
 Detected additional lockfiles: 
   * G:\DungeonsAndDragons\dnd-manager\package-lock.json

 ✓ Ready in 543ms
assistant.loadCampaignContext campaign warn: column campaigns.description does not exist
assistant.loadCampaignContext notes warn: Could not find the table 'public.notes' in the schema cache

> dnd-manager@0.1.0 start
> next start

   ▲ Next.js 16.0.7
   - Local:         http://localhost:3000
   - Network:       http://169.254.83.107:3000

 ✓ Starting...
[baseline-browser-mapping] The data in this module is over two months old.  To ensure accurate Baseline data, please update: `npm i baseline-browser-mapping@latest -D`
 ⚠ Warning: Next.js inferred your workspace root, but it may not be correct.
 We detected multiple lockfiles and selected the directory of G:\DungeonsAndDragons\package-lock.json as the root directory.
 To silence this warning, set `outputFileTracingRoot` in your Next.js config, or consider removing one of the lockfiles if it's not needed.
   See https://nextjs.org/docs/app/api-reference/config/next-config-js/output#caveats for more information.
 Detected additional lockfiles: 
   * G:\DungeonsAndDragons\dnd-manager\package-lock.json

 ✓ Ready in 569ms
assistant.loadCampaignContext campaign warn: column campaigns.description does not exist
assistant.loadCampaignContext notes warn: Could not find the table 'public.notes' in the schema cache
assistant.loadCampaignContext campaign warn: column campaigns.description does not exist
assistant.loadCampaignContext notes warn: Could not find the table 'public.notes' in the schema cache

> dnd-manager@0.1.0 start
> next start

   ▲ Next.js 16.0.7
   - Local:         http://localhost:3000
   - Network:       http://169.254.83.107:3000

 ✓ Starting...
[baseline-browser-mapping] The data in this module is over two months old.  To ensure accurate Baseline data, please update: `npm i baseline-browser-mapping@latest -D`
 ⚠ Warning: Next.js inferred your workspace root, but it may not be correct.
 We detected multiple lockfiles and selected the directory of G:\DungeonsAndDragons\package-lock.json as the root directory.
 To silence this warning, set `outputFileTracingRoot` in your Next.js config, or consider removing one of the lockfiles if it's not needed.
   See https://nextjs.org/docs/app/api-reference/config/next-config-js/output#caveats for more information.
 Detected additional lockfiles: 
   * G:\DungeonsAndDragons\dnd-manager\package-lock.json

 ✓ Ready in 516ms
assistant.loadCampaignContext campaign warn: column campaigns.description does not exist
assistant.loadCampaignContext notes warn: Could not find the table 'public.notes' in the schema cache

> dnd-manager@0.1.0 start
> next start

   ▲ Next.js 16.0.7
   - Local:         http://localhost:3000
   - Network:       http://169.254.83.107:3000

 ✓ Starting...
[baseline-browser-mapping] The data in this module is over two months old.  To ensure accurate Baseline data, please update: `npm i baseline-browser-mapping@latest -D`
 ⚠ Warning: Next.js inferred your workspace root, but it may not be correct.
 We detected multiple lockfiles and selected the directory of G:\DungeonsAndDragons\package-lock.json as the root directory.
 To silence this warning, set `outputFileTracingRoot` in your Next.js config, or consider removing one of the lockfiles if it's not needed.
   See https://nextjs.org/docs/app/api-reference/config/next-config-js/output#caveats for more information.
 Detected additional lockfiles: 
   * G:\DungeonsAndDragons\dnd-manager\package-lock.json

 ✓ Ready in 519ms
assistant.loadCampaignContext campaign warn: column campaigns.description does not exist
assistant.loadCampaignContext notes warn: Could not find the table 'public.notes' in the schema cache
assistant.loadCampaignContext campaign warn: column campaigns.description does not exist
assistant.loadCampaignContext notes warn: Could not find the table 'public.notes' in the schema cache

> dnd-manager@0.1.0 start
> next start

   ▲ Next.js 16.0.7
   - Local:         http://localhost:3000
   - Network:       http://169.254.83.107:3000

 ✓ Starting...
[baseline-browser-mapping] The data in this module is over two months old.  To ensure accurate Baseline data, please update: `npm i baseline-browser-mapping@latest -D`
 ⚠ Warning: Next.js inferred your workspace root, but it may not be correct.
 We detected multiple lockfiles and selected the directory of G:\DungeonsAndDragons\package-lock.json as the root directory.
 To silence this warning, set `outputFileTracingRoot` in your Next.js config, or consider removing one of the lockfiles if it's not needed.
   See https://nextjs.org/docs/app/api-reference/config/next-config-js/output#caveats for more information.
 Detected additional lockfiles: 
   * G:\DungeonsAndDragons\dnd-manager\package-lock.json

 ✓ Ready in 552ms
assistant.loadCampaignContext campaign warn: column campaigns.description does not exist
assistant.loadCampaignContext notes warn: Could not find the table 'public.notes' in the schema cache
assistant.loadCampaignContext campaign warn: column campaigns.description does not exist
assistant.loadCampaignContext notes warn: Could not find the table 'public.notes' in the schema cache

> dnd-manager@0.1.0 start
> next start

   ▲ Next.js 16.0.7
   - Local:         http://localhost:3000
   - Network:       http://169.254.83.107:3000

 ✓ Starting...
[baseline-browser-mapping] The data in this module is over two months old.  To ensure accurate Baseline data, please update: `npm i baseline-browser-mapping@latest -D`
 ⚠ Warning: Next.js inferred your workspace root, but it may not be correct.
 We detected multiple lockfiles and selected the directory of G:\DungeonsAndDragons\package-lock.json as the root directory.
 To silence this warning, set `outputFileTracingRoot` in your Next.js config, or consider removing one of the lockfiles if it's not needed.
   See https://nextjs.org/docs/app/api-reference/config/next-config-js/output#caveats for more information.
 Detected additional lockfiles: 
   * G:\DungeonsAndDragons\dnd-manager\package-lock.json

 ✓ Ready in 557ms
assistant.loadCampaignContext campaign warn: column campaigns.description does not exist
assistant.loadCampaignContext notes warn: Could not find the table 'public.notes' in the schema cache
assistant.loadCampaignContext campaign warn: column campaigns.description does not exist
assistant.loadCampaignContext notes warn: Could not find the table 'public.notes' in the schema cache
assistant.loadCampaignContext campaign warn: column campaigns.description does not exist
assistant.loadCampaignContext notes warn: Could not find the table 'public.notes' in the schema cache
assistant.loadCampaignContext campaign warn: column campaigns.description does not exist
assistant.loadCampaignContext notes warn: Could not find the table 'public.notes' in the schema cache
